<?xml version="1.0" encoding="UTF-8"?>
<!-- Generated by org.testng.reporters.JUnitXMLReporter -->
<testsuite hostname="TP-LAP0037" ignored="0" name="Default test" tests="3" failures="0" timestamp="2021-10-19T19:44:03 IST" time="0.081" errors="0">
  <testcase name="@BeforeTest TestSetup" time="-1.634652842859E9" classname="com.GoClinical_WorkOrder_ExecutionSuiteClasses.GoClinical_WorkOrder_AutomationTesting_ExecutionSuite">
    <failure type="org.testng.TestNGException" message="
Parameter &amp;apos;browserName&amp;apos; is required by BeforeTest on method TestSetup but has not been marked @Optional or defined
in C:\Users\lperka\AppData\Local\Temp\testng-eclipse-537546250\testng-customsuite.xml">
      <![CDATA[org.testng.TestNGException: 
Parameter 'browserName' is required by BeforeTest on method TestSetup but has not been marked @Optional or defined
in C:\Users\lperka\AppData\Local\Temp\testng-eclipse-537546250\testng-customsuite.xml
at org.testng.internal.Parameters.createParams(Parameters.java:270)
at org.testng.internal.Parameters.createParametersForMethod(Parameters.java:358)
at org.testng.internal.Parameters.createParameters(Parameters.java:700)
at org.testng.internal.Parameters.createConfigurationParameters(Parameters.java:168)
at org.testng.internal.ConfigInvoker.invokeConfigurations(ConfigInvoker.java:302)
at org.testng.TestRunner.invokeTestConfigurations(TestRunner.java:637)
at org.testng.TestRunner.beforeRun(TestRunner.java:627)
at org.testng.TestRunner.run(TestRunner.java:589)
at org.testng.SuiteRunner.runTest(SuiteRunner.java:377)
at org.testng.SuiteRunner.runSequentially(SuiteRunner.java:371)
at org.testng.SuiteRunner.privateRun(SuiteRunner.java:332)
at org.testng.SuiteRunner.run(SuiteRunner.java:276)
at org.testng.SuiteRunnerWorker.runSuite(SuiteRunnerWorker.java:53)
at org.testng.SuiteRunnerWorker.run(SuiteRunnerWorker.java:96)
at org.testng.TestNG.runSuitesSequentially(TestNG.java:1212)
at org.testng.TestNG.runSuitesLocally(TestNG.java:1134)
at org.testng.TestNG.runSuites(TestNG.java:1063)
at org.testng.TestNG.run(TestNG.java:1031)
at org.testng.remote.AbstractRemoteTestNG.run(AbstractRemoteTestNG.java:115)
at org.testng.remote.RemoteTestNG.initAndRun(RemoteTestNG.java:251)
at org.testng.remote.RemoteTestNG.main(RemoteTestNG.java:77)
]]>
    </failure>
  </testcase> <!-- @BeforeTest TestSetup -->
  <testcase name="@AfterTest CloseTest" time="-1.634652842935E9" classname="com.GoClinical_WorkOrder_ExecutionSuiteClasses.GoClinical_WorkOrder_AutomationTesting_ExecutionSuite">
    <skipped/>
  </testcase> <!-- @AfterTest CloseTest -->
  <testcase name="AdminUserNewWorkOrder" time="0.0" classname="com.GoClinical_WorkOrder_ExecutionSuiteClasses.GoClinical_WorkOrder_AutomationTesting_ExecutionSuite">
    <skipped/>
  </testcase> <!-- AdminUserNewWorkOrder -->
  <testcase name="AdminUserReviewRecords" time="0.0" classname="com.GoClinical_WorkOrder_ExecutionSuiteClasses.GoClinical_WorkOrder_AutomationTesting_ExecutionSuite">
    <skipped/>
  </testcase> <!-- AdminUserReviewRecords -->
  <testcase name="NurseUserMyWorkOrders" time="0.0" classname="com.GoClinical_WorkOrder_ExecutionSuiteClasses.GoClinical_WorkOrder_AutomationTesting_ExecutionSuite">
    <skipped/>
  </testcase> <!-- NurseUserMyWorkOrders -->
</testsuite> <!-- Default test -->
